[debug] [2020-07-20T17:24:40.511Z] ----------------------------------------------------------------------
[debug] [2020-07-20T17:24:40.517Z] Command:       C:\Program Files\nodejs\node.exe C:\Users\mangesh\AppData\Roaming\npm\node_modules\firebase-tools\lib\bin\firebase.js deploy
[debug] [2020-07-20T17:24:40.518Z] CLI Version:   8.4.3
[debug] [2020-07-20T17:24:40.518Z] Platform:      win32
[debug] [2020-07-20T17:24:40.518Z] Node Version:  v12.16.0
[debug] [2020-07-20T17:24:40.521Z] Time:          Mon Jul 20 2020 22:54:40 GMT+0530 (India Standard Time)
[debug] [2020-07-20T17:24:40.521Z] ----------------------------------------------------------------------
[debug] [2020-07-20T17:24:40.521Z] 
[debug] [2020-07-20T17:24:40.546Z] > command requires scopes: ["email","openid","https://www.googleapis.com/auth/cloudplatformprojects.readonly","https://www.googleapis.com/auth/firebase","https://www.googleapis.com/auth/cloud-platform"]
[debug] [2020-07-20T17:24:40.548Z] > authorizing via signed-in user
[debug] [2020-07-20T17:24:40.548Z] [iam] checking project aissms-hackathon for permissions ["datastore.indexes.create","datastore.indexes.delete","datastore.indexes.list","datastore.indexes.update","firebase.projects.get","firebasedatabase.instances.update","firebasehosting.sites.update","firebaserules.releases.create","firebaserules.releases.update","firebaserules.rulesets.create"]
[debug] [2020-07-20T17:24:40.555Z] >>> HTTP REQUEST POST https://cloudresourcemanager.googleapis.com/v1/projects/aissms-hackathon:testIamPermissions  
 {"permissions":["datastore.indexes.create","datastore.indexes.delete","datastore.indexes.list","datastore.indexes.update","firebase.projects.get","firebasedatabase.instances.update","firebasehosting.sites.update","firebaserules.releases.create","firebaserules.releases.update","firebaserules.rulesets.create"]}
[debug] [2020-07-20T17:24:42.287Z] <<< HTTP RESPONSE 200 {"content-type":"application/json; charset=UTF-8","vary":"X-Origin, Referer, Origin,Accept-Encoding","date":"Mon, 20 Jul 2020 17:24:40 GMT","server":"ESF","cache-control":"private","x-xss-protection":"0","x-frame-options":"SAMEORIGIN","x-content-type-options":"nosniff","server-timing":"gfet4t7; dur=1302","alt-svc":"h3-29=\":443\"; ma=2592000,h3-27=\":443\"; ma=2592000,h3-25=\":443\"; ma=2592000,h3-T050=\":443\"; ma=2592000,h3-Q050=\":443\"; ma=2592000,h3-Q046=\":443\"; ma=2592000,h3-Q043=\":443\"; ma=2592000,quic=\":443\"; ma=2592000; v=\"46,43\"","accept-ranges":"none","transfer-encoding":"chunked"}
[debug] [2020-07-20T17:24:42.291Z] >>> HTTP REQUEST GET https://firebase.googleapis.com/v1beta1/projects/aissms-hackathon  
 
[debug] [2020-07-20T17:24:42.939Z] <<< HTTP RESPONSE 200 {"content-type":"application/json; charset=UTF-8","vary":"X-Origin, Referer, Origin,Accept-Encoding","date":"Mon, 20 Jul 2020 17:24:41 GMT","server":"ESF","cache-control":"private","x-xss-protection":"0","x-frame-options":"SAMEORIGIN","x-content-type-options":"nosniff","alt-svc":"h3-29=\":443\"; ma=2592000,h3-27=\":443\"; ma=2592000,h3-25=\":443\"; ma=2592000,h3-T050=\":443\"; ma=2592000,h3-Q050=\":443\"; ma=2592000,h3-Q046=\":443\"; ma=2592000,h3-Q043=\":443\"; ma=2592000,quic=\":443\"; ma=2592000; v=\"46,43\"","accept-ranges":"none","transfer-encoding":"chunked"}
[info] 
[info] === Deploying to 'aissms-hackathon'...
[info] 
[info] i  deploying database, storage, firestore, hosting 
[info] i  database: checking rules syntax... 
[debug] [2020-07-20T17:24:43.007Z] >>> HTTP REQUEST PUT https://aissms-hackathon.firebaseio.com/.settings/rules.json?dryRun=true  
 {
  /* Visit https://firebase.google.com/docs/database/security to learn more about security rules. */
  "rules": {
    ".read": false,
    ".write": false
  }
}
[debug] [2020-07-20T17:24:44.575Z] <<< HTTP RESPONSE 200 {"server":"nginx","date":"Mon, 20 Jul 2020 17:24:43 GMT","content-type":"application/json; charset=utf-8","content-length":"15","connection":"keep-alive","access-control-allow-origin":"*","cache-control":"no-cache","strict-transport-security":"max-age=31556926; includeSubDomains; preload"}
[info] +  database: rules syntax for database aissms-hackathon is valid 
[debug] [2020-07-20T17:24:44.584Z] >>> HTTP REQUEST GET https://appengine.googleapis.com/v1/apps/aissms-hackathon  
 
[debug] [2020-07-20T17:24:45.731Z] <<< HTTP RESPONSE 200 {"content-type":"application/json; charset=UTF-8","vary":"X-Origin, Referer, Origin,Accept-Encoding","date":"Mon, 20 Jul 2020 17:24:44 GMT","server":"ESF","cache-control":"private","x-xss-protection":"0","x-frame-options":"SAMEORIGIN","x-content-type-options":"nosniff","alt-svc":"h3-29=\":443\"; ma=2592000,h3-27=\":443\"; ma=2592000,h3-25=\":443\"; ma=2592000,h3-T050=\":443\"; ma=2592000,h3-Q050=\":443\"; ma=2592000,h3-Q046=\":443\"; ma=2592000,h3-Q043=\":443\"; ma=2592000,quic=\":443\"; ma=2592000; v=\"46,43\"","accept-ranges":"none","transfer-encoding":"chunked"}
[info] i  firebase.storage: checking storage.rules for compilation errors... 
[debug] [2020-07-20T17:24:45.736Z] >>> HTTP REQUEST POST https://firebaserules.googleapis.com/v1/projects/aissms-hackathon:test  
 {"source":{"files":[{"name":"storage.rules","content":"service firebase.storage {\n  match /b/{bucket}/o {\n    match /{allPaths=**} {\n      allow read, write: if request.auth!=null;\n    }\n  }\n}\n"}]}}
[debug] [2020-07-20T17:24:47.256Z] <<< HTTP RESPONSE 200 {"content-type":"application/json; charset=UTF-8","vary":"X-Origin, Referer, Origin,Accept-Encoding","date":"Mon, 20 Jul 2020 17:24:45 GMT","server":"ESF","cache-control":"private","x-xss-protection":"0","x-frame-options":"SAMEORIGIN","x-content-type-options":"nosniff","alt-svc":"h3-29=\":443\"; ma=2592000,h3-27=\":443\"; ma=2592000,h3-25=\":443\"; ma=2592000,h3-T050=\":443\"; ma=2592000,h3-Q050=\":443\"; ma=2592000,h3-Q046=\":443\"; ma=2592000,h3-Q043=\":443\"; ma=2592000,quic=\":443\"; ma=2592000; v=\"46,43\"","accept-ranges":"none","transfer-encoding":"chunked"}
[warn] !  [W] undefined:undefined - Ruleset uses old version (version [1]). Please update to the latest version (version [2]). 
[info] +  firebase.storage: rules file storage.rules compiled successfully 
[info] i  firestore: reading indexes from firestore.indexes.json... 
[info] i  cloud.firestore: checking firestore.rules for compilation errors... 
[debug] [2020-07-20T17:24:47.270Z] >>> HTTP REQUEST POST https://firebaserules.googleapis.com/v1/projects/aissms-hackathon:test  
 {"source":{"files":[{"name":"firestore.rules","content":"rules_version = '2';\nservice cloud.firestore {\n  match /databases/{database}/documents {\n\n    // This rule allows anyone on the internet to view, edit, and delete\n    // all data in your Firestore database. It is useful for getting\n    // started, but it is configured to expire after 30 days because it\n    // leaves your app open to attackers. At that time, all client\n    // requests to your Firestore database will be denied.\n    //\n    // Make sure to write security rules for your app before that time, or else\n    // your app will lose access to your Firestore database\n    match /{document=**} {\n      allow read, write: if request.time < timestamp.date(2020, 7, 29);\n    }\n  }\n}"}]}}
[debug] [2020-07-20T17:24:48.789Z] <<< HTTP RESPONSE 200 {"content-type":"application/json; charset=UTF-8","vary":"X-Origin, Referer, Origin,Accept-Encoding","date":"Mon, 20 Jul 2020 17:24:47 GMT","server":"ESF","cache-control":"private","x-xss-protection":"0","x-frame-options":"SAMEORIGIN","x-content-type-options":"nosniff","alt-svc":"h3-29=\":443\"; ma=2592000,h3-27=\":443\"; ma=2592000,h3-25=\":443\"; ma=2592000,h3-T050=\":443\"; ma=2592000,h3-Q050=\":443\"; ma=2592000,h3-Q046=\":443\"; ma=2592000,h3-Q043=\":443\"; ma=2592000,quic=\":443\"; ma=2592000; v=\"46,43\"","accept-ranges":"none","transfer-encoding":"chunked"}
[info] +  cloud.firestore: rules file firestore.rules compiled successfully 
[debug] [2020-07-20T17:24:48.800Z] >>> HTTP REQUEST POST https://firebasehosting.googleapis.com/v1beta1/sites/aissms-hackathon/versions  
 {"config":{"rewrites":[{"glob":"**","path":"/index.html"}]},"labels":{"deployment-tool":"cli-firebase"}}
[debug] [2020-07-20T17:24:52.559Z] <<< HTTP RESPONSE 200 {"content-type":"application/json; charset=UTF-8","vary":"X-Origin, Referer, Origin,Accept-Encoding","date":"Mon, 20 Jul 2020 17:24:51 GMT","server":"ESF","cache-control":"private","x-xss-protection":"0","x-frame-options":"SAMEORIGIN","x-content-type-options":"nosniff","alt-svc":"h3-29=\":443\"; ma=2592000,h3-27=\":443\"; ma=2592000,h3-25=\":443\"; ma=2592000,h3-T050=\":443\"; ma=2592000,h3-Q050=\":443\"; ma=2592000,h3-Q046=\":443\"; ma=2592000,h3-Q043=\":443\"; ma=2592000,quic=\":443\"; ma=2592000; v=\"46,43\"","accept-ranges":"none","transfer-encoding":"chunked"}
[debug] [2020-07-20T17:24:52.571Z] >>> HTTP REQUEST GET https://firebaserules.googleapis.com/v1/projects/aissms-hackathon/releases?pageSize=10&pageToken=  
 
[debug] [2020-07-20T17:24:54.109Z] <<< HTTP RESPONSE 200 {"content-type":"application/json; charset=UTF-8","vary":"X-Origin, Referer, Origin,Accept-Encoding","date":"Mon, 20 Jul 2020 17:24:52 GMT","server":"ESF","cache-control":"private","x-xss-protection":"0","x-frame-options":"SAMEORIGIN","x-content-type-options":"nosniff","alt-svc":"h3-29=\":443\"; ma=2592000,h3-27=\":443\"; ma=2592000,h3-25=\":443\"; ma=2592000,h3-T050=\":443\"; ma=2592000,h3-Q050=\":443\"; ma=2592000,h3-Q046=\":443\"; ma=2592000,h3-Q043=\":443\"; ma=2592000,quic=\":443\"; ma=2592000; v=\"46,43\"","accept-ranges":"none","transfer-encoding":"chunked"}
[debug] [2020-07-20T17:24:54.111Z] >>> HTTP REQUEST GET https://firebaserules.googleapis.com/v1/projects/aissms-hackathon/rulesets/a2389922-62b9-45fd-b056-1c1e7d5e3686  
 
[debug] [2020-07-20T17:24:55.429Z] <<< HTTP RESPONSE 200 {"content-type":"application/json; charset=UTF-8","vary":"X-Origin, Referer, Origin,Accept-Encoding","date":"Mon, 20 Jul 2020 17:24:54 GMT","server":"ESF","cache-control":"private","x-xss-protection":"0","x-frame-options":"SAMEORIGIN","x-content-type-options":"nosniff","alt-svc":"h3-29=\":443\"; ma=2592000,h3-27=\":443\"; ma=2592000,h3-25=\":443\"; ma=2592000,h3-T050=\":443\"; ma=2592000,h3-Q050=\":443\"; ma=2592000,h3-Q046=\":443\"; ma=2592000,h3-Q043=\":443\"; ma=2592000,quic=\":443\"; ma=2592000; v=\"46,43\"","accept-ranges":"none","transfer-encoding":"chunked"}
[info] i  storage: uploading rules storage.rules... 
[debug] [2020-07-20T17:24:55.436Z] >>> HTTP REQUEST POST https://firebaserules.googleapis.com/v1/projects/aissms-hackathon/rulesets  
 {"source":{"files":[{"name":"storage.rules","content":"service firebase.storage {\n  match /b/{bucket}/o {\n    match /{allPaths=**} {\n      allow read, write: if request.auth!=null;\n    }\n  }\n}\n"}]}}
[debug] [2020-07-20T17:24:57.037Z] <<< HTTP RESPONSE 200 {"content-type":"application/json; charset=UTF-8","vary":"X-Origin, Referer, Origin,Accept-Encoding","date":"Mon, 20 Jul 2020 17:24:55 GMT","server":"ESF","cache-control":"private","x-xss-protection":"0","x-frame-options":"SAMEORIGIN","x-content-type-options":"nosniff","alt-svc":"h3-29=\":443\"; ma=2592000,h3-27=\":443\"; ma=2592000,h3-25=\":443\"; ma=2592000,h3-T050=\":443\"; ma=2592000,h3-Q050=\":443\"; ma=2592000,h3-Q046=\":443\"; ma=2592000,h3-Q043=\":443\"; ma=2592000,quic=\":443\"; ma=2592000; v=\"46,43\"","accept-ranges":"none","transfer-encoding":"chunked"}
[debug] [2020-07-20T17:24:57.038Z] [rules] created ruleset projects/aissms-hackathon/rulesets/2ad42665-fba2-4d53-b614-c86963bab0ad
[debug] [2020-07-20T17:24:57.044Z] >>> HTTP REQUEST GET https://firebaserules.googleapis.com/v1/projects/aissms-hackathon/releases?pageSize=10&pageToken=  
 
[debug] [2020-07-20T17:24:57.048Z] >>> HTTP REQUEST GET https://firestore.googleapis.com/v1/projects/aissms-hackathon/databases/(default)/collectionGroups/-/indexes  
 
[debug] [2020-07-20T17:24:57.522Z] <<< HTTP RESPONSE 200 {"content-type":"application/json; charset=UTF-8","vary":"X-Origin, Referer, Origin,Accept-Encoding","date":"Mon, 20 Jul 2020 17:24:56 GMT","server":"ESF","cache-control":"private","x-xss-protection":"0","x-frame-options":"SAMEORIGIN","x-content-type-options":"nosniff","alt-svc":"h3-29=\":443\"; ma=2592000,h3-27=\":443\"; ma=2592000,h3-25=\":443\"; ma=2592000,h3-T050=\":443\"; ma=2592000,h3-Q050=\":443\"; ma=2592000,h3-Q046=\":443\"; ma=2592000,h3-Q043=\":443\"; ma=2592000,quic=\":443\"; ma=2592000; v=\"46,43\"","accept-ranges":"none","transfer-encoding":"chunked"}
[debug] [2020-07-20T17:24:57.526Z] >>> HTTP REQUEST GET https://firebaserules.googleapis.com/v1/projects/aissms-hackathon/rulesets/52a48ea7-d208-41af-8c7b-3c25f3ecb71b  
 
[debug] [2020-07-20T17:24:58.026Z] <<< HTTP RESPONSE 200 {"content-type":"application/json; charset=UTF-8","vary":"X-Origin, Referer, Origin,Accept-Encoding","date":"Mon, 20 Jul 2020 17:24:56 GMT","server":"ESF","cache-control":"private","x-xss-protection":"0","x-frame-options":"SAMEORIGIN","x-content-type-options":"nosniff","alt-svc":"h3-29=\":443\"; ma=2592000,h3-27=\":443\"; ma=2592000,h3-25=\":443\"; ma=2592000,h3-T050=\":443\"; ma=2592000,h3-Q050=\":443\"; ma=2592000,h3-Q046=\":443\"; ma=2592000,h3-Q043=\":443\"; ma=2592000,quic=\":443\"; ma=2592000; v=\"46,43\"","accept-ranges":"none","transfer-encoding":"chunked"}
[debug] [2020-07-20T17:24:58.028Z] >>> HTTP REQUEST GET https://firestore.googleapis.com/v1/projects/aissms-hackathon/databases/(default)/collectionGroups/-/fields?filter=indexConfig.usesAncestorConfig=false  
 
[debug] [2020-07-20T17:24:58.902Z] <<< HTTP RESPONSE 200 {"content-type":"application/json; charset=UTF-8","vary":"X-Origin, Referer, Origin,Accept-Encoding","date":"Mon, 20 Jul 2020 17:24:57 GMT","server":"ESF","cache-control":"private","x-xss-protection":"0","x-frame-options":"SAMEORIGIN","x-content-type-options":"nosniff","alt-svc":"h3-29=\":443\"; ma=2592000,h3-27=\":443\"; ma=2592000,h3-25=\":443\"; ma=2592000,h3-T050=\":443\"; ma=2592000,h3-Q050=\":443\"; ma=2592000,h3-Q046=\":443\"; ma=2592000,h3-Q043=\":443\"; ma=2592000,quic=\":443\"; ma=2592000; v=\"46,43\"","accept-ranges":"none","transfer-encoding":"chunked"}
[info] i  firestore: latest version of firestore.rules already up to date, skipping upload... 
[debug] [2020-07-20T17:24:58.910Z] <<< HTTP RESPONSE 200 {"content-type":"application/json; charset=UTF-8","vary":"X-Origin, Referer, Origin,Accept-Encoding","date":"Mon, 20 Jul 2020 17:24:57 GMT","server":"ESF","cache-control":"private","x-xss-protection":"0","x-frame-options":"SAMEORIGIN","x-content-type-options":"nosniff","alt-svc":"h3-29=\":443\"; ma=2592000,h3-27=\":443\"; ma=2592000,h3-25=\":443\"; ma=2592000,h3-T050=\":443\"; ma=2592000,h3-Q050=\":443\"; ma=2592000,h3-Q046=\":443\"; ma=2592000,h3-Q043=\":443\"; ma=2592000,quic=\":443\"; ma=2592000; v=\"46,43\"","accept-ranges":"none","transfer-encoding":"chunked"}
[info] +  firestore: deployed indexes in firestore.indexes.json successfully 
[info] i  hosting[aissms-hackathon]: beginning deploy... 
[info] i  hosting[aissms-hackathon]: found 267 files in dist 
[debug] [2020-07-20T17:24:59.135Z] [hosting] hash cache [ZGlzdA] stored for 267 files
[debug] [2020-07-20T17:24:59.136Z] [hosting][hash queue][FINAL] {"max":13,"min":0,"avg":3.768936866383392,"active":0,"complete":267,"success":267,"errored":0,"retried":0,"total":267,"elapsed":59}
[debug] [2020-07-20T17:24:59.137Z] >>> HTTP REQUEST POST https://firebasehosting.googleapis.com/v1beta1/sites/aissms-hackathon/versions/5b6aed476e78398d:populateFiles  
 <request body omitted>
[debug] [2020-07-20T17:25:01.510Z] <<< HTTP RESPONSE 200 {"content-type":"application/json; charset=UTF-8","vary":"X-Origin, Referer, Origin,Accept-Encoding","date":"Mon, 20 Jul 2020 17:25:00 GMT","server":"ESF","cache-control":"private","x-xss-protection":"0","x-frame-options":"SAMEORIGIN","x-content-type-options":"nosniff","alt-svc":"h3-29=\":443\"; ma=2592000,h3-27=\":443\"; ma=2592000,h3-25=\":443\"; ma=2592000,h3-T050=\":443\"; ma=2592000,h3-Q050=\":443\"; ma=2592000,h3-Q046=\":443\"; ma=2592000,h3-Q043=\":443\"; ma=2592000,quic=\":443\"; ma=2592000; v=\"46,43\"","accept-ranges":"none","transfer-encoding":"chunked"}
[debug] [2020-07-20T17:25:01.591Z] [hosting][populate queue][FINAL] {"max":2386,"min":2386,"avg":2386,"active":0,"complete":1,"success":1,"errored":0,"retried":0,"total":1,"elapsed":2458}
[debug] [2020-07-20T17:25:01.591Z] [hosting] uploads queued: 45
[debug] [2020-07-20T17:25:12.727Z] [uploadQueue] Retrying task 7c046026492c5d5411a328179bb3b5be3dfa514c19552802ac723b6450a43255
[debug] [2020-07-20T17:25:12.757Z] [uploadQueue] Retrying task 616e4da95bc1d063c98d215d05ba473f11bd0a2c00043d7474ee5e0b6d88f201
[debug] [2020-07-20T17:25:12.763Z] [uploadQueue] Retrying task 67825b58d177bcbcab3cadb1c235473a93023e9ff2937396ac1dcc14ff738cff
[debug] [2020-07-20T17:25:12.766Z] [uploadQueue] Retrying task 55ddee77eb18921ec9fd5cdf5c919aa3ddc61326e503e19ebcc62f61ab3c9095
[debug] [2020-07-20T17:25:12.797Z] [uploadQueue] Retrying task 7f22b5921fcc9590d6eefa72b74cb996a9d30820a55795f6657af9911d9e94df
[debug] [2020-07-20T17:25:12.798Z] [uploadQueue] Retrying task 440feb01856cbe7f95720dd2418a6a41c9fe9560b95b73a52a0c1e885d110cc8
[debug] [2020-07-20T17:25:12.809Z] [uploadQueue] Retrying task fdd83bbca21f58c41b2dd7e3347e79a0fa244bc83ca382e116864b2d0620d073
[debug] [2020-07-20T17:25:12.811Z] [uploadQueue] Retrying task c0c9cd40e341072a0567aa509810512cf67d093adf043a702c28902956a7bbda
[debug] [2020-07-20T17:26:03.610Z] [uploadQueue] Retrying task b9016872d13d2ee83ab2b7cfbac53b0311b9c4afb5ea29b3ae4b938fc89ea845
[debug] [2020-07-20T17:26:04.240Z] [uploadQueue] Retrying task cd707e01b66bcaf529ef648ac5d1ccebf4adbe037d2b6f03bb78b29eca8d9d5e
[debug] [2020-07-20T17:26:09.990Z] [uploadQueue] Retrying task 47f1b3ac119dcafa1cb3b5d09afa88a2b1d8fb2ec45d46fe34143ba8f419a5ae
[debug] [2020-07-20T17:26:11.772Z] [uploadQueue] Retrying task 397561caf20d7c4ce5f37d070ce8149d7218ac74b16e9e2eac8bb3723cdc3bcd
[debug] [2020-07-20T17:26:24.104Z] [uploadQueue] Retrying task 1ab06e47de5143df4fe0ed590d9a4294dfc17a006237ad152645c3459804090e
[debug] [2020-07-20T17:26:29.666Z] [uploadQueue] Retrying task 0166477981c8f63ca664dc1a114b1f4d4a5928afdd03078033dc58fff41cc38e
[debug] [2020-07-20T17:26:30.213Z] [uploadQueue] Retrying task 573c63962a140dbf91a439c527f9dc20ee4e8ec4dc27377ef246eb0344686289
[debug] [2020-07-20T17:26:33.316Z] [uploadQueue] Retrying task 6f73294f21f0a9555b71a1df9e3f485e72c10d932f971862bafecdce3a35263f
[debug] [2020-07-20T17:26:42.437Z] [uploadQueue] Retrying task 28c6f6c05f4f21be09b20638eb626fa7fd98752b18fa6da8d6640f26647af49d
[debug] [2020-07-20T17:26:50.354Z] [uploadQueue] Retrying task ddb05ba87986af5827743ce0de20edfdd494e8896b9f0f1a330716ceedfb109f
[debug] [2020-07-20T17:26:55.621Z] [uploadQueue] Retrying task 5cccd95a733b98fe3144bf2315b61bdf34bedca5b79be249cc540da111fc0f1b
[debug] [2020-07-20T17:26:56.499Z] [uploadQueue] Retrying task 2e005223bdeaa7adcda8402e50fac8a60de81012c65c487c06a3dad0a6b7c226
[debug] [2020-07-20T17:26:56.878Z] [uploadQueue] Retrying task b9016872d13d2ee83ab2b7cfbac53b0311b9c4afb5ea29b3ae4b938fc89ea845
[debug] [2020-07-20T17:27:07.666Z] [uploadQueue] Retrying task 616e4da95bc1d063c98d215d05ba473f11bd0a2c00043d7474ee5e0b6d88f201
[debug] [2020-07-20T17:27:18.220Z] [uploadQueue] Retrying task 9a507d03ff28fd40f93b5c9a610329afda4c08bd11433c71297d864f9099c6d5
[debug] [2020-07-20T17:27:20.216Z] [uploadQueue] Retrying task 75aac68bccb3fa84e686f67ab03fa81c147501c2ce61c8f6fac7774215769665
[debug] [2020-07-20T17:27:51.044Z] [uploadQueue] Retrying task c0c9cd40e341072a0567aa509810512cf67d093adf043a702c28902956a7bbda
[debug] [2020-07-20T17:27:54.332Z] [uploadQueue] Retrying task 7c046026492c5d5411a328179bb3b5be3dfa514c19552802ac723b6450a43255
[debug] [2020-07-20T17:27:55.246Z] [uploadQueue] Retrying task 28c6f6c05f4f21be09b20638eb626fa7fd98752b18fa6da8d6640f26647af49d
[debug] [2020-07-20T17:27:56.972Z] [uploadQueue] Retrying task 1e08e26399a03a3fccf352143c53e1b4ef57fdac7c52065c199baf46aae42f85
[debug] [2020-07-20T17:27:59.469Z] [uploadQueue] Retrying task 0166477981c8f63ca664dc1a114b1f4d4a5928afdd03078033dc58fff41cc38e
[debug] [2020-07-20T17:28:12.570Z] [uploadQueue] Retrying task 1cbe2e2a70130cdbc9eb04ff1a3a7bc6021df2c19769434eab756ead97a759dc
[debug] [2020-07-20T17:28:13.041Z] [uploadQueue] Retrying task 6f73294f21f0a9555b71a1df9e3f485e72c10d932f971862bafecdce3a35263f
[debug] [2020-07-20T17:28:14.888Z] [uploadQueue] Retrying task ea4c7363684fcc14020629971ee81134e912e6744fcd43352ddf06fb487e7012
[debug] [2020-07-20T17:28:20.758Z] [uploadQueue] Retrying task 47f1b3ac119dcafa1cb3b5d09afa88a2b1d8fb2ec45d46fe34143ba8f419a5ae
[debug] [2020-07-20T17:28:21.964Z] [uploadQueue] Retrying task b9016872d13d2ee83ab2b7cfbac53b0311b9c4afb5ea29b3ae4b938fc89ea845
[debug] [2020-07-20T17:28:23.003Z] [uploadQueue] Retrying task 9a507d03ff28fd40f93b5c9a610329afda4c08bd11433c71297d864f9099c6d5
[debug] [2020-07-20T17:28:24.478Z] [uploadQueue] Retrying task 1ab06e47de5143df4fe0ed590d9a4294dfc17a006237ad152645c3459804090e
[debug] [2020-07-20T17:28:30.381Z] [uploadQueue] Retrying task ddb05ba87986af5827743ce0de20edfdd494e8896b9f0f1a330716ceedfb109f
[debug] [2020-07-20T17:28:41.020Z] [uploadQueue] Retrying task 573c63962a140dbf91a439c527f9dc20ee4e8ec4dc27377ef246eb0344686289
[debug] [2020-07-20T17:28:41.814Z] [uploadQueue] Retrying task 1767a0bed9510fc044081d219d3a22ecc10cb7d52893840632b2aa3cf306342e
[debug] [2020-07-20T17:28:51.328Z] [uploadQueue] Retrying task 2e005223bdeaa7adcda8402e50fac8a60de81012c65c487c06a3dad0a6b7c226
[debug] [2020-07-20T17:29:10.250Z] [uploadQueue] Retrying task 75aac68bccb3fa84e686f67ab03fa81c147501c2ce61c8f6fac7774215769665
[debug] [2020-07-20T17:29:10.471Z] [uploadQueue] Retrying task 1ab06e47de5143df4fe0ed590d9a4294dfc17a006237ad152645c3459804090e
[debug] [2020-07-20T17:29:14.299Z] [uploadQueue] Retrying task 0e5520a2071748493ad1efd8683069733100ca9dd72bc706d0009a573bacb1f5
[debug] [2020-07-20T17:29:21.059Z] [uploadQueue] Retrying task 616e4da95bc1d063c98d215d05ba473f11bd0a2c00043d7474ee5e0b6d88f201
[debug] [2020-07-20T17:29:22.496Z] [uploadQueue] Retrying task 28c6f6c05f4f21be09b20638eb626fa7fd98752b18fa6da8d6640f26647af49d
[debug] [2020-07-20T17:29:30.498Z] [uploadQueue] Retrying task 8ac41ba8f1f4889181a0be21220faa2104fd17cc85cca425b2c3aac5b287f8e6
[debug] [2020-07-20T17:29:30.997Z] [uploadQueue] Retrying task 7c046026492c5d5411a328179bb3b5be3dfa514c19552802ac723b6450a43255
[debug] [2020-07-20T17:29:34.626Z] [uploadQueue] Retrying task 616e4da95bc1d063c98d215d05ba473f11bd0a2c00043d7474ee5e0b6d88f201
